<?xml version="1.0" encoding="UTF-8"?>
<!-- Generated by org.testng.reporters.JUnitXMLReporter -->
<testsuite hostname="vijay" ignored="0" name="Test" tests="6" failures="6" timestamp="24 Aug 2023 07:05:53 GMT" time="2.999" errors="0">
  <testcase name="methode1" time="2.94" classname="org.adactinhotel.Adactinlogin">
    <failure type="java.lang.NoSuchMethodError" message="com.google.common.collect.ImmutableMap.of(Ljava/lang/Object;Ljava/lang/Object;Ljava/lang/Object;Ljava/lang/Object;Ljava/lang/Object;Ljava/lang/Object;Ljava/lang/Object;Ljava/lang/Object;Ljava/lang/Object;Ljava/lang/Object;Ljava/lang/Object;Ljava/lang/Object;)Lcom/google/common/collect/ImmutableMap;">
      <![CDATA[java.lang.NoSuchMethodError: com.google.common.collect.ImmutableMap.of(Ljava/lang/Object;Ljava/lang/Object;Ljava/lang/Object;Ljava/lang/Object;Ljava/lang/Object;Ljava/lang/Object;Ljava/lang/Object;Ljava/lang/Object;Ljava/lang/Object;Ljava/lang/Object;Ljava/lang/Object;Ljava/lang/Object;)Lcom/google/common/collect/ImmutableMap;
	at org.openqa.selenium.chrome.AddHasCasting.getAdditionalCommands(AddHasCasting.java:37)
	at org.openqa.selenium.chrome.ChromeDriver$ChromeDriverCommandExecutor.getExtraCommands(ChromeDriver.java:120)
	at org.openqa.selenium.chrome.ChromeDriver$ChromeDriverCommandExecutor.<init>(ChromeDriver.java:115)
	at org.openqa.selenium.chrome.ChromeDriver.generateExecutor(ChromeDriver.java:105)
	at org.openqa.selenium.chrome.ChromeDriver.<init>(ChromeDriver.java:88)
	at org.openqa.selenium.chrome.ChromeDriver.<init>(ChromeDriver.java:83)
	at org.openqa.selenium.chrome.ChromeDriver.<init>(ChromeDriver.java:51)
	at org.baseclass.BaseClass.openDriver(BaseClass.java:42)
	at org.adactinhotel.Adactinlogin.methode1(Adactinlogin.java:16)
... Removed 25 stack frames]]>
    </failure>
  </testcase> <!-- methode1 -->
  <testcase name="methode2" time="0.021" classname="org.adactinhotel.Adactinlogin">
    <failure type="java.lang.NullPointerException">
      <![CDATA[java.lang.NullPointerException
	at org.openqa.selenium.support.pagefactory.DefaultElementLocator.findElement(DefaultElementLocator.java:68)
	at org.openqa.selenium.support.pagefactory.internal.LocatingElementHandler.invoke(LocatingElementHandler.java:38)
	at com.sun.proxy.$Proxy7.sendKeys(Unknown Source)
	at org.baseclass.BaseClass.passValue(BaseClass.java:96)
	at org.adactinhotel.Adactinlogin.methode2(Adactinlogin.java:25)
... Removed 25 stack frames]]>
    </failure>
  </testcase> <!-- methode2 -->
  <testcase name="methode3" time="0.006" classname="org.adactinhotel.Adactinlogin">
    <failure type="java.lang.NullPointerException">
      <![CDATA[java.lang.NullPointerException
	at org.openqa.selenium.support.pagefactory.DefaultElementLocator.findElement(DefaultElementLocator.java:68)
	at org.openqa.selenium.support.pagefactory.internal.LocatingElementHandler.invoke(LocatingElementHandler.java:38)
	at com.sun.proxy.$Proxy7.getTagName(Unknown Source)
	at org.openqa.selenium.support.ui.Select.<init>(Select.java:43)
	at org.baseclass.BaseClass.selByIndex(BaseClass.java:367)
	at org.adactinhotel.Adactinlogin.methode3(Adactinlogin.java:35)
... Removed 25 stack frames]]>
    </failure>
  </testcase> <!-- methode3 -->
  <testcase name="methode4" time="0.003" classname="org.adactinhotel.Adactinlogin">
    <failure type="java.lang.NullPointerException">
      <![CDATA[java.lang.NullPointerException
	at org.baseclass.BaseClass.clickBtnJs(BaseClass.java:335)
	at org.adactinhotel.Adactinlogin.methode4(Adactinlogin.java:54)
... Removed 25 stack frames]]>
    </failure>
  </testcase> <!-- methode4 -->
  <testcase name="methode5" time="0.003" classname="org.adactinhotel.Adactinlogin">
    <failure type="java.lang.NullPointerException">
      <![CDATA[java.lang.NullPointerException
	at org.openqa.selenium.support.pagefactory.DefaultElementLocator.findElement(DefaultElementLocator.java:68)
	at org.openqa.selenium.support.pagefactory.internal.LocatingElementHandler.invoke(LocatingElementHandler.java:38)
	at com.sun.proxy.$Proxy7.sendKeys(Unknown Source)
	at org.baseclass.BaseClass.passValue(BaseClass.java:96)
	at org.adactinhotel.Adactinlogin.methode5(Adactinlogin.java:63)
... Removed 25 stack frames]]>
    </failure>
  </testcase> <!-- methode5 -->
  <testcase name="methode6" time="0.002" classname="org.adactinhotel.Adactinlogin">
    <failure type="java.lang.NullPointerException">
      <![CDATA[java.lang.NullPointerException
	at org.baseclass.BaseClass.clickBtnJs(BaseClass.java:335)
	at org.adactinhotel.Adactinlogin.methode6(Adactinlogin.java:85)
... Removed 25 stack frames]]>
    </failure>
  </testcase> <!-- methode6 -->
</testsuite> <!-- Test -->
