<?xml version="1.0" encoding="UTF-8"?>
<!-- Generated by org.testng.reporters.JUnitXMLReporter -->
<testsuite hostname="vijay" ignored="2" name="Test(failed)" tests="1" failures="1" timestamp="23 Aug 2023 13:35:40 GMT" time="0.023" errors="0">
  <testcase name="samplecase2" time="0.015" classname="com.rerun.Classa">
    <failure type="java.lang.AssertionError" message="expected [true] but found [false]">
      <![CDATA[java.lang.AssertionError: expected [true] but found [false]
	at com.rerun.Classa.samplecase2(Classa.java:19)
... Removed 29 stack frames]]>
    </failure>
  </testcase> <!-- samplecase2 -->
  <testcase name="samplecase1" time="0.0" classname="com.rerun.Classa">
    <ignored/>
  </testcase> <!-- samplecase1 -->
  <testcase name="samplecase3" time="0.0" classname="com.rerun.Classa">
    <ignored/>
  </testcase> <!-- samplecase3 -->
</testsuite> <!-- Test(failed) -->
